exe					WinSize			AVGtime			Throughput			AVGspace			AVGnoms			SUMtime			Thread			Qsize	Qno	timingratio			eNum
./bin/tirdf			100				0.000021			48039770			1.888045			0.000000		87.753000			1			4	29654	0			4215734					7959305792			0			7959305792
./bin/tirdf			3600			0.000020			50347039			1.889614			0.000000		83.662000			1			4	24091	4.58493e-321			4215734					7959305792			0			7959305792
./bin/tirdf			3600				-0.000000			-9223372036854775808			-0.004472			-0.000000		0.000000			1			4	31617	6.70912e-310			8					16064			0			16064
./bin/tirdf			3600000				-0.000000			-9223372036854775808			-0.000004			-0.000000		0.000000			1			4	28960	1.07558e-320			8					16064			0			16064
./bin/tirdf			3600000				-0.000000			-9223372036854775808			-0.000004			-0.000000		0.000000			1			4	28801	1.07558e-320			8					16064			0			16064
./bin/tirdf			3600000				-0.000000			-9223372036854775808			-0.000004			-0.000000		0.000000			1			4	23355	4.58493e-321			8					16064			0			16064
./bin/tirdf			3600000				-0.000000			-9223372036854775808			-0.000004			-0.000000		0.000000			1			4	22021	4.58493e-321			8					16064			0			16064
./bin/tirdf			3600000				-0.000000			-9223372036854775808			-0.000004			-0.000000		0.000000			1			4	22824	4.58493e-321			8					16064			0			16064
./bin/tirdf			3600000				-0.000000			-9223372036854775808			-0.000004			-0.000000		0.000000			1			4	25099	4.58493e-321			8					16064			0			16064
./bin/tirdf			3600000				-0.000000			-9223372036854775808			-0.000004			-0.000000		0.000000			1			4	30020	1.07558e-320			8					16064			0			16064
./bin/tirdf			3600000				-0.000000			-9223372036854775808			-0.000004			-0.000000		0.000000			1			4	28837	1.07558e-320			8					16064			0			16064
./bin/tirdf			3600000				-0.000000			-9223372036854775808			-0.000004			-0.000000		0.000000			1			4	29000	6.15386e-310			8					16064			0			16064
./bin/tirdf			3600000				-0.000000			-9223372036854775808			-0.000004			-0.000000		0.000000			1			4	29315	1.07558e-320			8					16064			0			16064
./bin/tirdf			3600000				-0.000000			-9223372036854775808			-0.000004			-0.000000		0.000000			1			4	28993	1.07558e-320			8					16064			0			16064
./bin/tirdf			3600000				-0.000000			-9223372036854775808			-0.000004			-0.000000		0.000000			1			4	30798	6.53538e-310			8					16064			0			16064
./bin/tirdf			3600000				-0.000000			-9223372036854775808			-0.000006			-0.000000		0.000000			1			4	32741	6.94767e-310			8					20800			0			20800
./bin/tirdf			3600000				-0.000000			-9223372036854775808			-0.000006			-0.000000		0.000000			1			4	29000	1.07558e-320			8					20800			0			20800
./bin/tirdf			3600000				-0.000000			-9223372036854775808			-0.000006			-0.000000		0.000000			1			4	31715	6.73002e-310			8					20800			0			20800
./bin/tirdf			3600000				-0.000000			-9223372036854775808			-0.000005			-0.000000		0.000000			1			4	30946	0			8					18240			0			18240
./bin/tirdf			3600000				0.000018			57112883			12.926533			0.000000		10.781000			1			4	32261	6.84591e-310			4215734					7959305792			0			7959305792
./bin/tirdf			3600000				-0.000000			-9223372036854775808			-0.000006			-0.000000		0.000000			1			4	31217	0			8					20800			0			20800
./bin/tirdf			3600000				-0.000000			-9223372036854775808			-0.000006			-0.000000		0.000000			1			4	32608	6.91955e-310			8					20800			0			20800
./bin/tirdf			3600000				-0.000000			-9223372036854775808			-0.000005			-0.000000		0.000000			1			4	28702	0			8					18240			0			18240
./bin/tirdf			3600000				0.000047			21055054			532.819676			0.000000		29.244000			1			4	30428	6.45699e-310			4215734					328075190528			0			328075190528
./bin/tirdf			3600000				-0.000000			-9223372036854775808			-0.000006			-0.000000		0.000000			1			4	32136	6.81938e-310			8					20800			0			20800
./bin/tirdf			3600000				-0.000000			-9223372036854775808			-0.000006			-0.000000		0.000000			1			4	24974	4.58493e-321			8					20800			0			20800
./bin/tirdf			3600000				0.000048			20921984			532.819676			0.000000		29.430000			1			4	32336	1.07558e-320			4215734					328075190528			0			328075190528
./bin/tirdf			3600000				-0.000000			-9223372036854775808			-0.000006			-0.000000		0.000000			1			4	30213	6.41134e-310			8					20800			0			20800
./bin/tirdf			3600000				-0.000000			-9223372036854775808			-0.000006			-0.000000		0.000000			1			4	30806	6.53711e-310			8					20800			0			20800
./bin/tirdf			3600000				-0.000000			-9223372036854775808			-0.000006			-0.000000		0.000000			1			4	29072	6.16908e-310			8					20800			0			20800
./bin/tirdf			3600000				-0.000000			-9223372036854775808			-0.000007			-0.000000		0.000000			1			4	31750	1.07558e-320			10					26496			0			26496
./bin/tirdf			3600000				-0.000000			-9223372036854775808			-0.000007			-0.000000		0.000000			1			4	30245	1.07558e-320			10					26496			0			26496
./bin/tirdf			3600000				-0.000000			-9223372036854775808			-0.000007			-0.000000		0.000000			1			4	23998	4.58493e-321			10					26496			0			26496
./bin/tirdf			3600000				-0.000000			-9223372036854775808			-0.000007			-0.000000		0.000000			1			4	23085	4.58493e-321			10					26496			0			26496
./bin/tirdf			3600000				-0.000000			-9223372036854775808			-0.000005			-0.000000		0.000000			1			4	25429	4.58493e-321			10					18880			0			18880
./bin/tirdf			3600000				-0.000000			-9223372036854775808			-0.000007			-0.000000		0.000000			1			4	30375	1.07558e-320			10					26496			0			26496
./bin/tirdf			3600000				-0.000000			-9223372036854775808			-0.000005			-0.000000		0.000000			1			4	24045	4.58493e-321			10					18880			0			18880
./bin/tirdf			3600000				-0.000000			-9223372036854775808			-0.000005			-0.000000		0.000000			1			4	32640	0			10					18880			0			18880
./bin/tirdf			3600000				-0.000000			-9223372036854775808			-0.000005			-0.000000		0.000000			1			4	22250	4.58493e-321			10					18880			0			18880
./bin/tirdf			3600000				-0.000000			-9223372036854775808			-0.000007			-0.000000		0.000000			1			4	29213	1.07558e-320			10					26496			0			26496
./bin/tirdf			3600000				-0.000000			-9223372036854775808			-0.000007			-0.000000		0.000000			2			4	31923	1.07558e-320			10					26496			0			26496
./bin/tirdf			3600000				-0.000000			-9223372036854775808			-0.000005			-0.000000		0.000000			2			4	31899	6.76912e-310			10					18880			0			18880
./bin/tirdf			3600000				-0.000000			-9223372036854775808			-0.000005			-0.000000		0.000000			1			4	22815	4.58493e-321			10					18880			0			18880
./bin/tirdf			3600000				-0.000000			-9223372036854775808			-0.000007			-0.000000		0.000000			1			4	30538	6.48019e-310			10					26496			0			26496
./bin/tirdf			3600000				-0.000000			-9223372036854775808			-0.000005			-0.000000		0.000000			1			4	30464	6.46465e-310			10					18880			0			18880
./bin/tirdf			3600000				-0.000000			-9223372036854775808			-0.000005			-0.000000		0.000000			1			4	32716	1.07558e-320			10					18880			0			18880
./bin/tirdf			3600000				-0.000000			-9223372036854775808			-0.000005			-0.000000		0.000000			1			4	30614	6.49647e-310			10					18880			0			18880
./bin/tirdf			3600000				-0.000000			-9223372036854775808			-0.000007			-0.000000		0.000000			1			4	30267	1.07558e-320			10					26496			0			26496
./bin/tirdf			3600000				-0.000000			-9223372036854775808			-0.000007			-0.000000		0.000000			1			4	30805	0			10					26496			0			26496
./bin/tirdf			3600000				-0.000000			-9223372036854775808			-0.000007			-0.000000		0.000000			1			4	29052	6.16483e-310			10					26496			0			26496
./bin/tirdf			3600000				-0.000000			-9223372036854775808			-0.000007			-0.000000		0.000000			1			4	23443	4.58493e-321			10					26496			0			26496
./bin/tirdf			360000				-0.000000			-9223372036854775808			-0.000052			-0.000000		0.000000			1			4	29944	6.35425e-310			10					18880			0			18880
./bin/tirdf			360000				-0.000000			-9223372036854775808			-0.000074			-0.000000		0.000000			1			4	23973	4.58493e-321			10					26496			0			26496
./bin/tirdf			360000				-0.000000			-9223372036854775808			-0.000074			-0.000000		0.000000			1			4	32551	6.90752e-310			10					26496			0			26496
./bin/tirdf			360000				-0.000000			-9223372036854775808			-0.000074			-0.000000		0.000000			1			4	30816	1.07558e-320			10					26496			0			26496
./bin/tirdf			360000				-0.000000			-9223372036854775808			-0.000074			-0.000000		0.000000			1			4	30051	1.07558e-320			10					26496			0			26496
./bin/tirdf			360000				-0.000000			-9223372036854775808			-0.000052			-0.000000		0.000000			1			4	30198	6.4081e-310			10					18880			0			18880
./bin/tirdf			360000				-0.000000			-9223372036854775808			-0.000052			-0.000000		0.000000			1			4	24126	4.58493e-321			10					18880			0			18880
./bin/tirdf			360000				-0.000000			-9223372036854775808			-0.000058			-0.000000		0.000000			1			4	32439	1.07558e-320			8					20800			0			20800
./bin/tirdf			360000				-0.000000			-9223372036854775808			-0.000051			-0.000000		0.000000			1			4	22807	4.58493e-321			8					18240			0			18240
./bin/tirdf			3600000				-0.000000			-9223372036854775808			-0.000006			-0.000000		0.000000			1			4	31320	6.64625e-310			8					20800			0			20800
./bin/tirdf			3600000				-0.000000			-9223372036854775808			-0.000006			-0.000000		0.000000			1			4	22555	4.58493e-321			8					20800			0			20800
./bin/tirdf			3600000				-0.000000			-9223372036854775808			-0.000006			-0.000000		0.000000			1			4	32613	1.07558e-320			8					20800			0			20800
./bin/tirdf3600000,-0.000000,-9223372036854775808,-0.000005,-0.000000,0.000000,1,4	30508	1.07558e-320,7,18240,0,18240
./bin/tirdf3600000,-0.000000,-9223372036854775808,-0.000005,-0.000000,0.000000,1,4	28909	1.07558e-320,7,18240,0,18240
./bin/tirdf3600000,-0.000000,-9223372036854775808,-0.000005,-0.000000,0.000000,1,4	32366	0,7,18240,0,18240
./bin/tirdf3600000,-0.000000,-9223372036854775808,-0.000006,-0.000000,0.000000,1,4	32766	5.40975e-310,7,20800,0,20800
./bin/tirdf3600000,-0.000000,-9223372036854775808,-0.000006,-0.000000,0.000000,1,4	32764	3.45846e-323,7,20800,0,20800
./bin/tirdf3600000,-0.000000,-9223372036854775808,-0.000006,-0.000000,0.000000,1,4	29750	6.31303e-310,7,20800,0,20800
./bin/tirdf3600000,-0.000000,-9223372036854775808,-0.000004,-0.000000,0.000000,1,4	31207	0,6,15456,0,15456
./bin/tirdf,3600000,-0.000000,-9223372036854775808,-0.000004,-0.000000,0.000000,1,4	32766	5.03085e-310,6,15456,0,15456
./bin/tirdf,3600000,-0.000000,-9223372036854775808,-0.000004,-0.000000,0.000000,1,4	22163	4.58493e-321,6,15456,0,15456
./bin/tirdf,3600000,-0.000000,-9223372036854775808,-0.000004,-0.000000,0.000000,1,4	29348	0,6,15456,0,15456
./bin/tirdf,3600000,-0.000000,-9223372036854775808,-0.000004,-0.000000,0.000000,1,4	31835	0,6,15456,0,15456
./bin/tirdf,3600000,-0.000000,-9223372036854775808,-0.000004,-0.000000,0.000000,1,4	32767	4.80359e-310,6,15456,0,15456
