exe					WinSize			AVGtime			Throughput			AVGspace			AVGnoms			SUMtime			Thread			Qsize	Qno	timingratio			eNum
./bin/tirdf			3600000				-0.000000			-9223372036854775808			-0.000029			-0.000000		0.000000			1			10	22966	4.58493e-321			22					104896			0			104896
./bin/tirdf			3600000				-0.000000			-9223372036854775808			-0.000014			-0.000000		0.000000			1			10	32368	0			10					51392			0			51392
/home/bwling/timingsubg/rdf/bin/tirdf			3600000				-0.000000			-9223372036854775808			-0.000014			-0.000000		0.000000			1			10	21845	4.58493e-321			10					51392			0			51392
./bin/tirdf			3600000				-0.000000			-9223372036854775808			-0.000014			-0.000000		0.000000			1			10	30926	6.56259e-310			10					51392			0			51392
./bin/tirdf			3600000				-0.000000			-9223372036854775808			-0.000014			-0.000000		0.000000			1			10	31400	1.07558e-320			10					51392			0			51392
./bin/tirdf			3600000				-0.000000			-9223372036854775808			-0.000014			-0.000000		0.000000			1			10	29274	1.07558e-320			10					51392			0			51392
./bin/tirdf3600000,-0.000000,-9223372036854775808,-0.000015,-0.000000,0.000000,1,10	32766	5.10484e-310,9,53504,0,53504
./bin/tirdf3600000,-0.000000,-9223372036854775808,-0.000015,-0.000000,0.000000,1,10	32765	4.68249e-310,9,53504,0,53504
./bin/tirdf3600000,-0.000000,-9223372036854775808,-0.000015,-0.000000,0.000000,1,10	21912	4.58493e-321,9,53504,0,53504
./bin/tirdf3600000,-0.000000,-9223372036854775808,-0.000015,-0.000000,0.000000,1,10	22498	4.58493e-321,9,53504,0,53504
./bin/tirdf3600000,-0.000000,-9223372036854775808,-0.000015,-0.000000,0.000000,1,10	31686	1.07558e-320,9,53504,0,53504
./bin/tirdf3600000,-0.000000,-9223372036854775808,-0.000015,-0.000000,0.000000,1,10	22611	4.58493e-321,9,53504,0,53504
./bin/tirdf3600000,-0.000000,-9223372036854775808,-0.000015,-0.000000,0.000000,1,10	22831	4.58493e-321,9,53504,0,53504
./bin/tirdf3600000,-0.000000,-9223372036854775808,-0.000015,-0.000000,0.000000,1,10	21871	4.58493e-321,9,53504,0,53504
./bin/tirdf3600000,-0.000000,-9223372036854775808,-0.000015,-0.000000,0.000000,1,10	28823	1.07558e-320,9,53504,0,53504
./bin/tirdf3600000,-0.000000,-9223372036854775808,-0.000015,-0.000000,0.000000,1,10	29621	0,9,53504,0,53504
./bin/tirdf3600000,-0.000000,-9223372036854775808,-0.000015,-0.000000,0.000000,1,10	32766	3.45846e-323,9,53504,0,53504
./bin/tirdf3600000,-0.000000,-9223372036854775808,-0.000015,-0.000000,0.000000,1,10	32765	3.45846e-323,9,53504,0,53504
./bin/tirdf3600000,-0.000000,-9223372036854775808,-0.000015,-0.000000,0.000000,1,10	32701	0,9,53504,0,53504
./bin/tirdf3600000,-0.000000,-9223372036854775808,-0.000015,-0.000000,0.000000,1,10	31349	6.65239e-310,9,53504,0,53504
./bin/tirdf3600000,-0.000000,-9223372036854775808,-0.000015,-0.000000,0.000000,1,10	32765	3.45846e-323,9,53504,0,53504
./bin/tirdf1800000,-0.000000,-9223372036854775808,-0.000030,-0.000000,0.000000,1,10	32496	0,9,53504,0,53504
./bin/tirdf1800000,-0.000000,-9223372036854775808,-0.000030,-0.000000,0.000000,1,10	25648	4.58493e-321,9,53504,0,53504
./bin/tirdf1800000,-0.000000,-9223372036854775808,-0.000030,-0.000000,0.000000,1,10	32766	4.68837e-310,9,53504,0,53504
./bin/tirdf1800000,-0.000000,-9223372036854775808,-0.000030,-0.000000,0.000000,1,10	32764	5.23964e-310,9,53504,0,53504
./bin/tirdf1800000,-0.000000,-9223372036854775808,-0.000029,-0.000000,0.000000,1,10	31624	0,9,53056,0,53056
./bin/tirdf1800000,-0.000000,-9223372036854775808,-0.000030,-0.000000,0.000000,1,10	32765	4.70114e-310,9,53504,0,53504
./bin/tirdf1800000,-0.000000,-9223372036854775808,-0.000030,-0.000000,0.000000,1,10	30334	0,9,53184,0,53184
